// 同步 ID: 03e0fdc5 @ Wed Jun 17 08:57:06 UTC 2026
// 重构日志: 8dd19ecb
// 同步 ID: c6e1bc57 @ Wed Jun 17 22:22:20 UTC 2026
// 重构日志: e05917b2
// 同步 ID: a6ea0d2b @ Sat Jun 20 07:02:11 UTC 2026
// 同步 ID: 1f3e0f23 @ Sun Jun 21 15:48:30 UTC 2026
// 重构日志: cb18c55a
// 同步 ID: aed3ed0c @ Mon Jun 22 13:23:04 UTC 2026
// 重构日志: f5919199
// 同步 ID: 8c79f1a3 @ Tue Jun 23 08:42:36 UTC 2026
// 重构日志: 44d14e99
// 重构日志: 5b990ed4
// 同步 ID: 5d96b002 @ Wed Jun 24 16:46:32 UTC 2026
// 重构日志: 092c803c
// 重构日志: 94255b2a
// 同步 ID: b3fc8161 @ Thu Jun 25 16:40:03 UTC 2026
// 重构日志: 0340fbed
// 重构日志: b70d0079
// 同步 ID: 5be562ed @ Fri Jun 26 06:55:07 UTC 2026
// 重构日志: b02c5cb7
// 同步 ID: 344ae81f @ Sat Jun 27 10:53:56 UTC 2026
// 同步 ID: ab7b6998 @ Sat Jun 27 15:06:33 UTC 2026
// 同步 ID: a235e339 @ Sat Jun 27 21:16:15 UTC 2026
// 重构日志: 25f92efe
// 重构日志: 5ac03383
// 同步 ID: 8408f629 @ Sun Jun 28 06:58:06 UTC 2026
// 同步 ID: 5007416e @ Sun Jun 28 17:43:27 UTC 2026
// 重构日志: 2ea87c1a
// 重构日志: 0863ba1a
// 同步 ID: b17f0a03 @ Tue Jun 30 13:02:45 UTC 2026
